# JRE version: OpenJDK Runtime Environment Temurin-17.0.8.1+1 (17.0.8.1+1) (build 17.0.8.1+1)
# Java VM: OpenJDK 64-Bit Server VM Temurin-17.0.8.1+1 (17.0.8.1+1, mixed mode, sharing, tiered, compressed oops, compressed class ptrs, parallel gc, windows-amd64)
GC Precious Log:
 CPUs: 8 total, 8 available
 Memory: 8078M
 Large Page Support: Disabled
 NUMA Support: Disabled
 Compressed Oops: Enabled (32-bit)
 Alignments: Space 512K, Generation 512K, Heap 2M
 Heap Min Capacity: 100M
 Heap Initial Capacity: 100M
 Heap Max Capacity: 1G
 Pre-touch: Disabled
 Parallel Workers: 8
Heap:
 PSYoungGen      total 8192K, used 3828K [0x00000000eab00000, 0x00000000eb880000, 0x0000000100000000)
  eden space 7168K, 39% used [0x00000000eab00000,0x00000000eadc50d0,0x00000000eb200000)
  from space 1024K, 96% used [0x00000000eb780000,0x00000000eb878270,0x00000000eb880000)
  to   space 1536K, 0% used [0x00000000eb580000,0x00000000eb580000,0x00000000eb700000)
 ParOldGen       total 171008K, used 133504K [0x00000000c0000000, 0x00000000ca700000, 0x00000000eab00000)
  object space 171008K, 78% used [0x00000000c0000000,0x00000000c8260020,0x00000000ca700000)
 Metaspace       used 80992K, committed 82176K, reserved 1179648K
  class space    used 8208K, committed 8704K, reserved 1048576K
GC Heap History (20 events):
Event: 1507.180 GC heap before
{Heap before GC invocations=1987 (full 26):
 PSYoungGen      total 14848K, used 14476K [0x00000000eab00000, 0x00000000ec400000, 0x0000000100000000)
  eden space 7680K, 100% used [0x00000000eab00000,0x00000000eb280000,0x00000000eb280000)
  from space 7168K, 94% used [0x00000000ebd00000,0x00000000ec3a3180,0x00000000ec400000)
  to   space 8192K, 0% used [0x00000000eb400000,0x00000000eb400000,0x00000000ebc00000)
 ParOldGen       total 171008K, used 119993K [0x00000000c0000000, 0x00000000ca700000, 0x00000000eab00000)
  object space 171008K, 70% used [0x00000000c0000000,0x00000000c752e768,0x00000000ca700000)
 Metaspace       used 80774K, committed 81984K, reserved 1179648K
  class space    used 8206K, committed 8704K, reserved 1048576K
}
Event: 1507.186 GC heap after
{Heap after GC invocations=1987 (full 26):
 PSYoungGen      total 13312K, used 5456K [0x00000000eab00000, 0x00000000ebe80000, 0x0000000100000000)
  eden space 7680K, 0% used [0x00000000eab00000,0x00000000eab00000,0x00000000eb280000)
  from space 5632K, 96% used [0x00000000eb400000,0x00000000eb954348,0x00000000eb980000)
  to   space 5120K, 0% used [0x00000000eb980000,0x00000000eb980000,0x00000000ebe80000)
 ParOldGen       total 171008K, used 119993K [0x00000000c0000000, 0x00000000ca700000, 0x00000000eab00000)
  object space 171008K, 70% used [0x00000000c0000000,0x00000000c752e768,0x00000000ca700000)
 Metaspace       used 80774K, committed 81984K, reserved 1179648K
  class space    used 8206K, committed 8704K, reserved 1048576K
}
Event: 1507.419 GC heap before
{Heap before GC invocations=1988 (full 26):
 PSYoungGen      total 13312K, used 13136K [0x00000000eab00000, 0x00000000ebe80000, 0x0000000100000000)
  eden space 7680K, 100% used [0x00000000eab00000,0x00000000eb280000,0x00000000eb280000)
  from space 5632K, 96% used [0x00000000eb400000,0x00000000eb954348,0x00000000eb980000)
  to   space 5120K, 0% used [0x00000000eb980000,0x00000000eb980000,0x00000000ebe80000)
 ParOldGen       total 171008K, used 119993K [0x00000000c0000000, 0x00000000ca700000, 0x00000000eab00000)
  object space 171008K, 70% used [0x00000000c0000000,0x00000000c752e768,0x00000000ca700000)
 Metaspace       used 80777K, committed 81984K, reserved 1179648K
  class space    used 8207K, committed 8704K, reserved 1048576K
}
Event: 1507.427 GC heap after
{Heap after GC invocations=1988 (full 26):
 PSYoungGen      total 12800K, used 5104K [0x00000000eab00000, 0x00000000ec080000, 0x0000000100000000)
  eden space 7680K, 0% used [0x00000000eab00000,0x00000000eab00000,0x00000000eb280000)
  from space 5120K, 99% used [0x00000000eb980000,0x00000000ebe7c2b8,0x00000000ebe80000)
  to   space 7168K, 0% used [0x00000000eb280000,0x00000000eb280000,0x00000000eb980000)
 ParOldGen       total 171008K, used 121578K [0x00000000c0000000, 0x00000000ca700000, 0x00000000eab00000)
  object space 171008K, 71% used [0x00000000c0000000,0x00000000c76ba8a0,0x00000000ca700000)
 Metaspace       used 80777K, committed 81984K, reserved 1179648K
  class space    used 8207K, committed 8704K, reserved 1048576K
}
Event: 1507.592 GC heap before
{Heap before GC invocations=1989 (full 26):
 PSYoungGen      total 12800K, used 12751K [0x00000000eab00000, 0x00000000ec080000, 0x0000000100000000)
  eden space 7680K, 99% used [0x00000000eab00000,0x00000000eb277978,0x00000000eb280000)
  from space 5120K, 99% used [0x00000000eb980000,0x00000000ebe7c2b8,0x00000000ebe80000)
  to   space 7168K, 0% used [0x00000000eb280000,0x00000000eb280000,0x00000000eb980000)
 ParOldGen       total 171008K, used 121578K [0x00000000c0000000, 0x00000000ca700000, 0x00000000eab00000)
  object space 171008K, 71% used [0x00000000c0000000,0x00000000c76ba8a0,0x00000000ca700000)
 Metaspace       used 80804K, committed 81984K, reserved 1179648K
  class space    used 8208K, committed 8704K, reserved 1048576K
}
Event: 1507.598 GC heap after
{Heap after GC invocations=1989 (full 26):
 PSYoungGen      total 13312K, used 5456K [0x00000000eab00000, 0x00000000ebe80000, 0x0000000100000000)
  eden space 7680K, 0% used [0x00000000eab00000,0x00000000eab00000,0x00000000eb280000)
  from space 5632K, 96% used [0x00000000eb280000,0x00000000eb7d42d0,0x00000000eb800000)
  to   space 6144K, 0% used [0x00000000eb880000,0x00000000eb880000,0x00000000ebe80000)
 ParOldGen       total 171008K, used 121578K [0x00000000c0000000, 0x00000000ca700000, 0x00000000eab00000)
  object space 171008K, 71% used [0x00000000c0000000,0x00000000c76ba8a0,0x00000000ca700000)
 Metaspace       used 80804K, committed 81984K, reserved 1179648K
  class space    used 8208K, committed 8704K, reserved 1048576K
}
Event: 1507.701 GC heap before
{Heap before GC invocations=1990 (full 26):
 PSYoungGen      total 13312K, used 13136K [0x00000000eab00000, 0x00000000ebe80000, 0x0000000100000000)
  eden space 7680K, 100% used [0x00000000eab00000,0x00000000eb280000,0x00000000eb280000)
  from space 5632K, 96% used [0x00000000eb280000,0x00000000eb7d42d0,0x00000000eb800000)
  to   space 6144K, 0% used [0x00000000eb880000,0x00000000eb880000,0x00000000ebe80000)
 ParOldGen       total 171008K, used 121578K [0x00000000c0000000, 0x00000000ca700000, 0x00000000eab00000)
  object space 171008K, 71% used [0x00000000c0000000,0x00000000c76ba8a0,0x00000000ca700000)
 Metaspace       used 80910K, committed 82112K, reserved 1179648K
  class space    used 8208K, committed 8704K, reserved 1048576K
}
Event: 1507.709 GC heap after
{Heap after GC invocations=1990 (full 26):
 PSYoungGen      total 10240K, used 6134K [0x00000000eab00000, 0x00000000ec580000, 0x0000000100000000)
  eden space 4096K, 0% used [0x00000000eab00000,0x00000000eab00000,0x00000000eaf00000)
  from space 6144K, 99% used [0x00000000eb880000,0x00000000ebe7d960,0x00000000ebe80000)
  to   space 9728K, 0% used [0x00000000eaf00000,0x00000000eaf00000,0x00000000eb880000)
 ParOldGen       total 171008K, used 124332K [0x00000000c0000000, 0x00000000ca700000, 0x00000000eab00000)
  object space 171008K, 72% used [0x00000000c0000000,0x00000000c796b230,0x00000000ca700000)
 Metaspace       used 80910K, committed 82112K, reserved 1179648K
  class space    used 8208K, committed 8704K, reserved 1048576K
}
Event: 1507.785 GC heap before
{Heap before GC invocations=1991 (full 26):
 PSYoungGen      total 10240K, used 10230K [0x00000000eab00000, 0x00000000ec580000, 0x0000000100000000)
  eden space 4096K, 100% used [0x00000000eab00000,0x00000000eaf00000,0x00000000eaf00000)
  from space 6144K, 99% used [0x00000000eb880000,0x00000000ebe7d960,0x00000000ebe80000)
  to   space 9728K, 0% used [0x00000000eaf00000,0x00000000eaf00000,0x00000000eb880000)
 ParOldGen       total 171008K, used 124332K [0x00000000c0000000, 0x00000000ca700000, 0x00000000eab00000)
  object space 171008K, 72% used [0x00000000c0000000,0x00000000c796b230,0x00000000ca700000)
 Metaspace       used 80914K, committed 82112K, reserved 1179648K
  class space    used 8208K, committed 8704K, reserved 1048576K
}
Event: 1507.794 GC heap after
{Heap after GC invocations=1991 (full 26):
 PSYoungGen      total 12288K, used 7799K [0x00000000eab00000, 0x00000000ebf00000, 0x0000000100000000)
  eden space 4096K, 0% used [0x00000000eab00000,0x00000000eab00000,0x00000000eaf00000)
  from space 8192K, 95% used [0x00000000eaf00000,0x00000000eb69dc10,0x00000000eb700000)
  to   space 8192K, 0% used [0x00000000eb700000,0x00000000eb700000,0x00000000ebf00000)
 ParOldGen       total 171008K, used 125461K [0x00000000c0000000, 0x00000000ca700000, 0x00000000eab00000)
  object space 171008K, 73% used [0x00000000c0000000,0x00000000c7a856c0,0x00000000ca700000)
 Metaspace       used 80914K, committed 82112K, reserved 1179648K
  class space    used 8208K, committed 8704K, reserved 1048576K
}
Event: 1507.861 GC heap before
{Heap before GC invocations=1992 (full 26):
 PSYoungGen      total 12288K, used 11886K [0x00000000eab00000, 0x00000000ebf00000, 0x0000000100000000)
  eden space 4096K, 99% used [0x00000000eab00000,0x00000000eaefdbf8,0x00000000eaf00000)
  from space 8192K, 95% used [0x00000000eaf00000,0x00000000eb69dc10,0x00000000eb700000)
  to   space 8192K, 0% used [0x00000000eb700000,0x00000000eb700000,0x00000000ebf00000)
 ParOldGen       total 171008K, used 125461K [0x00000000c0000000, 0x00000000ca700000, 0x00000000eab00000)
  object space 171008K, 73% used [0x00000000c0000000,0x00000000c7a856c0,0x00000000ca700000)
 Metaspace       used 80915K, committed 82112K, reserved 1179648K
  class space    used 8208K, committed 8704K, reserved 1048576K
}
Event: 1507.869 GC heap after
{Heap after GC invocations=1992 (full 26):
 PSYoungGen      total 10240K, used 5918K [0x00000000eab00000, 0x00000000ebd00000, 0x0000000100000000)
  eden space 4096K, 0% used [0x00000000eab00000,0x00000000eab00000,0x00000000eaf00000)
  from space 6144K, 96% used [0x00000000eb700000,0x00000000ebcc7bc0,0x00000000ebd00000)
  to   space 7168K, 0% used [0x00000000eaf00000,0x00000000eaf00000,0x00000000eb600000)
 ParOldGen       total 171008K, used 125461K [0x00000000c0000000, 0x00000000ca700000, 0x00000000eab00000)
  object space 171008K, 73% used [0x00000000c0000000,0x00000000c7a856c0,0x00000000ca700000)
 Metaspace       used 80915K, committed 82112K, reserved 1179648K
  class space    used 8208K, committed 8704K, reserved 1048576K
}
Event: 1507.892 GC heap before
{Heap before GC invocations=1993 (full 26):
 PSYoungGen      total 10240K, used 10014K [0x00000000eab00000, 0x00000000ebd00000, 0x0000000100000000)
  eden space 4096K, 100% used [0x00000000eab00000,0x00000000eaf00000,0x00000000eaf00000)
  from space 6144K, 96% used [0x00000000eb700000,0x00000000ebcc7bc0,0x00000000ebd00000)
  to   space 7168K, 0% used [0x00000000eaf00000,0x00000000eaf00000,0x00000000eb600000)
 ParOldGen       total 171008K, used 125461K [0x00000000c0000000, 0x00000000ca700000, 0x00000000eab00000)
  object space 171008K, 73% used [0x00000000c0000000,0x00000000c7a856c0,0x00000000ca700000)
 Metaspace       used 80915K, committed 82112K, reserved 1179648K
  class space    used 8208K, committed 8704K, reserved 1048576K
}
Event: 1507.901 GC heap after
{Heap after GC invocations=1993 (full 26):
 PSYoungGen      total 11264K, used 7163K [0x00000000eab00000, 0x00000000ec500000, 0x0000000100000000)
  eden space 4096K, 0% used [0x00000000eab00000,0x00000000eab00000,0x00000000eaf00000)
  from space 7168K, 99% used [0x00000000eaf00000,0x00000000eb5fef60,0x00000000eb600000)
  to   space 10752K, 0% used [0x00000000eba80000,0x00000000eba80000,0x00000000ec500000)
 ParOldGen       total 171008K, used 128125K [0x00000000c0000000, 0x00000000ca700000, 0x00000000eab00000)
  object space 171008K, 74% used [0x00000000c0000000,0x00000000c7d1f6c0,0x00000000ca700000)
 Metaspace       used 80915K, committed 82112K, reserved 1179648K
  class space    used 8208K, committed 8704K, reserved 1048576K
}
Event: 1507.932 GC heap before
{Heap before GC invocations=1994 (full 26):
 PSYoungGen      total 11264K, used 11259K [0x00000000eab00000, 0x00000000ec500000, 0x0000000100000000)
  eden space 4096K, 100% used [0x00000000eab00000,0x00000000eaf00000,0x00000000eaf00000)
  from space 7168K, 99% used [0x00000000eaf00000,0x00000000eb5fef60,0x00000000eb600000)
  to   space 10752K, 0% used [0x00000000eba80000,0x00000000eba80000,0x00000000ec500000)
 ParOldGen       total 171008K, used 128125K [0x00000000c0000000, 0x00000000ca700000, 0x00000000eab00000)
  object space 171008K, 74% used [0x00000000c0000000,0x00000000c7d1f6c0,0x00000000ca700000)
 Metaspace       used 80915K, committed 82112K, reserved 1179648K
  class space    used 8208K, committed 8704K, reserved 1048576K
}
Event: 1507.940 GC heap after
{Heap after GC invocations=1994 (full 26):
 PSYoungGen      total 10752K, used 5142K [0x00000000eab00000, 0x00000000ec000000, 0x0000000100000000)
  eden space 5120K, 0% used [0x00000000eab00000,0x00000000eab00000,0x00000000eb000000)
  from space 5632K, 91% used [0x00000000eba80000,0x00000000ebf85958,0x00000000ec000000)
  to   space 7168K, 0% used [0x00000000eb200000,0x00000000eb200000,0x00000000eb900000)
 ParOldGen       total 171008K, used 129104K [0x00000000c0000000, 0x00000000ca700000, 0x00000000eab00000)
  object space 171008K, 75% used [0x00000000c0000000,0x00000000c7e14260,0x00000000ca700000)
 Metaspace       used 80915K, committed 82112K, reserved 1179648K
  class space    used 8208K, committed 8704K, reserved 1048576K
}
Event: 1507.961 GC heap before
{Heap before GC invocations=1995 (full 26):
 PSYoungGen      total 10752K, used 10262K [0x00000000eab00000, 0x00000000ec000000, 0x0000000100000000)
  eden space 5120K, 100% used [0x00000000eab00000,0x00000000eb000000,0x00000000eb000000)
  from space 5632K, 91% used [0x00000000eba80000,0x00000000ebf85958,0x00000000ec000000)
  to   space 7168K, 0% used [0x00000000eb200000,0x00000000eb200000,0x00000000eb900000)
 ParOldGen       total 171008K, used 129104K [0x00000000c0000000, 0x00000000ca700000, 0x00000000eab00000)
  object space 171008K, 75% used [0x00000000c0000000,0x00000000c7e14260,0x00000000ca700000)
 Metaspace       used 80921K, committed 82112K, reserved 1179648K
  class space    used 8208K, committed 8704K, reserved 1048576K
}
Event: 1507.970 GC heap after
{Heap after GC invocations=1995 (full 26):
 PSYoungGen      total 7680K, used 1481K [0x00000000eab00000, 0x00000000ebb00000, 0x0000000100000000)
  eden space 6144K, 0% used [0x00000000eab00000,0x00000000eab00000,0x00000000eb100000)
  from space 1536K, 96% used [0x00000000eb200000,0x00000000eb3724e0,0x00000000eb380000)
  to   space 3584K, 0% used [0x00000000eb780000,0x00000000eb780000,0x00000000ebb00000)
 ParOldGen       total 171008K, used 133184K [0x00000000c0000000, 0x00000000ca700000, 0x00000000eab00000)
  object space 171008K, 77% used [0x00000000c0000000,0x00000000c8210020,0x00000000ca700000)
 Metaspace       used 80921K, committed 82112K, reserved 1179648K
  class space    used 8208K, committed 8704K, reserved 1048576K
}
Event: 1509.665 GC heap before
{Heap before GC invocations=1996 (full 26):
 PSYoungGen      total 7680K, used 7625K [0x00000000eab00000, 0x00000000ebb00000, 0x0000000100000000)
  eden space 6144K, 100% used [0x00000000eab00000,0x00000000eb100000,0x00000000eb100000)
  from space 1536K, 96% used [0x00000000eb200000,0x00000000eb3724e0,0x00000000eb380000)
  to   space 3584K, 0% used [0x00000000eb780000,0x00000000eb780000,0x00000000ebb00000)
 ParOldGen       total 171008K, used 133184K [0x00000000c0000000, 0x00000000ca700000, 0x00000000eab00000)
  object space 171008K, 77% used [0x00000000c0000000,0x00000000c8210020,0x00000000ca700000)
 Metaspace       used 80992K, committed 82176K, reserved 1179648K
  class space    used 8208K, committed 8704K, reserved 1048576K
}
Event: 1509.669 GC heap after
{Heap after GC invocations=1996 (full 26):
 PSYoungGen      total 8192K, used 992K [0x00000000eab00000, 0x00000000eb880000, 0x0000000100000000)
  eden space 7168K, 0% used [0x00000000eab00000,0x00000000eab00000,0x00000000eb200000)
  from space 1024K, 96% used [0x00000000eb780000,0x00000000eb878270,0x00000000eb880000)
  to   space 1536K, 0% used [0x00000000eb580000,0x00000000eb580000,0x00000000eb700000)
 ParOldGen       total 171008K, used 133504K [0x00000000c0000000, 0x00000000ca700000, 0x00000000eab00000)
  object space 171008K, 78% used [0x00000000c0000000,0x00000000c8260020,0x00000000ca700000)
 Metaspace       used 80992K, committed 82176K, reserved 1179648K
  class space    used 8208K, committed 8704K, reserved 1048576K
}

